2026-04-28 20:10:57,757 INFO o.a.j.u.JMeterUtils: Setting Locale to en_EN
2026-04-28 20:10:57,770 INFO o.a.j.JMeter: Loading user properties from: /Users/omar/Documents/apache-jmeter-5.6.3/bin/user.properties
2026-04-28 20:10:57,771 INFO o.a.j.JMeter: Loading system properties from: /Users/omar/Documents/apache-jmeter-5.6.3/bin/system.properties
2026-04-28 20:10:57,774 INFO o.a.j.JMeter: Copyright (c) 1998-2024 The Apache Software Foundation
2026-04-28 20:10:57,774 INFO o.a.j.JMeter: Version 5.6.3
2026-04-28 20:10:57,774 INFO o.a.j.JMeter: java.version=21.0.2
2026-04-28 20:10:57,774 INFO o.a.j.JMeter: java.vm.name=OpenJDK 64-Bit Server VM
2026-04-28 20:10:57,774 INFO o.a.j.JMeter: os.name=Mac OS X
2026-04-28 20:10:57,774 INFO o.a.j.JMeter: os.arch=aarch64
2026-04-28 20:10:57,774 INFO o.a.j.JMeter: os.version=26.2
2026-04-28 20:10:57,774 INFO o.a.j.JMeter: file.encoding=UTF-8
2026-04-28 20:10:57,774 INFO o.a.j.JMeter: java.awt.headless=true
2026-04-28 20:10:57,774 INFO o.a.j.JMeter: Max memory     =1073741824
2026-04-28 20:10:57,774 INFO o.a.j.JMeter: Available Processors =8
2026-04-28 20:10:57,780 INFO o.a.j.JMeter: Default Locale=English (EN)
2026-04-28 20:10:57,780 INFO o.a.j.JMeter: JMeter  Locale=English (EN)
2026-04-28 20:10:57,780 INFO o.a.j.JMeter: JMeterHome=/Users/omar/Documents/apache-jmeter-5.6.3
2026-04-28 20:10:57,781 INFO o.a.j.JMeter: user.dir  =/Users/omar/Downloads/Adpro2/exercise-profilling/exercise-profiling
2026-04-28 20:10:57,781 INFO o.a.j.JMeter: PWD       =/Users/omar/Downloads/Adpro2/exercise-profilling/exercise-profiling
2026-04-28 20:10:57,786 INFO o.a.j.JMeter: IP: 127.0.0.1 Name: MacBook-Air-Omar.local FullName: localhost
2026-04-28 20:10:57,795 INFO o.a.j.s.FileServer: Default base='/Users/omar/Downloads/Adpro2/exercise-profilling/exercise-profiling'
2026-04-28 20:10:57,796 INFO o.a.j.s.FileServer: Set new base='/Users/omar/Documents/apache-jmeter-5.6.3/bin'
2026-04-28 20:10:57,886 INFO o.a.j.s.SaveService: Testplan (JMX) version: 2.2. Testlog (JTL) version: 2.2
2026-04-28 20:10:57,910 INFO o.a.j.s.SaveService: Using SaveService properties version 5.0
2026-04-28 20:10:57,912 INFO o.a.j.s.SaveService: Using SaveService properties file encoding UTF-8
2026-04-28 20:10:57,914 INFO o.a.j.s.SaveService: Loading file: /Users/omar/Documents/apache-jmeter-5.6.3/bin/test_plan_3.jmx
2026-04-28 20:10:57,949 INFO o.a.j.p.h.s.HTTPSamplerBase: Parser for text/html is org.apache.jmeter.protocol.http.parser.LagartoBasedHtmlParser
2026-04-28 20:10:57,949 INFO o.a.j.p.h.s.HTTPSamplerBase: Parser for application/xhtml+xml is org.apache.jmeter.protocol.http.parser.LagartoBasedHtmlParser
2026-04-28 20:10:57,949 INFO o.a.j.p.h.s.HTTPSamplerBase: Parser for application/xml is org.apache.jmeter.protocol.http.parser.LagartoBasedHtmlParser
2026-04-28 20:10:57,949 INFO o.a.j.p.h.s.HTTPSamplerBase: Parser for text/xml is org.apache.jmeter.protocol.http.parser.LagartoBasedHtmlParser
2026-04-28 20:10:57,949 INFO o.a.j.p.h.s.HTTPSamplerBase: Parser for text/vnd.wap.wml is org.apache.jmeter.protocol.http.parser.RegexpHTMLParser
2026-04-28 20:10:57,949 INFO o.a.j.p.h.s.HTTPSamplerBase: Parser for text/css is org.apache.jmeter.protocol.http.parser.CssParser
2026-04-28 20:10:57,962 INFO o.a.j.JMeter: Creating summariser <summary>
2026-04-28 20:10:57,968 INFO o.a.j.e.StandardJMeterEngine: Running the test!
2026-04-28 20:10:57,968 INFO o.a.j.s.SampleEvent: List of sample_variables: []
2026-04-28 20:10:57,968 INFO o.a.j.s.SampleEvent: List of sample_variables: []
2026-04-28 20:10:57,970 INFO o.a.j.e.u.CompoundVariable: Note: Function class names must contain the string: '.functions.'
2026-04-28 20:10:57,970 INFO o.a.j.e.u.CompoundVariable: Note: Function class names must not contain the string: '.gui.'
2026-04-28 20:10:58,010 INFO o.a.j.JMeter: Running test (1777381858010)
2026-04-28 20:10:58,021 INFO o.a.j.e.StandardJMeterEngine: Starting ThreadGroup: 1 : Thread Group
2026-04-28 20:10:58,021 INFO o.a.j.e.StandardJMeterEngine: Starting 10 threads for group Thread Group.
2026-04-28 20:10:58,021 INFO o.a.j.e.StandardJMeterEngine: Thread will continue on error
2026-04-28 20:10:58,021 INFO o.a.j.t.ThreadGroup: Starting thread group... number=1 threads=10 ramp-up=1 delayedStart=false
2026-04-28 20:10:58,025 INFO o.a.j.t.JMeterThread: Thread started: Thread Group 1-1
2026-04-28 20:10:58,026 INFO o.a.j.t.ThreadGroup: Started thread group number 1
2026-04-28 20:10:58,026 INFO o.a.j.e.StandardJMeterEngine: All thread groups have been started
2026-04-28 20:10:58,034 INFO o.a.j.p.h.s.HTTPHCAbstractImpl: Local host = MacBook-Air-Omar.local
2026-04-28 20:10:58,037 INFO o.a.j.p.h.s.HTTPHC4Impl: HTTP request retry count = 0
2026-04-28 20:10:58,038 INFO o.a.j.s.SampleResult: Note: Sample TimeStamps are START times
2026-04-28 20:10:58,038 INFO o.a.j.s.SampleResult: sampleresult.default.encoding is set to UTF-8
2026-04-28 20:10:58,038 INFO o.a.j.s.SampleResult: sampleresult.useNanoTime=true
2026-04-28 20:10:58,038 INFO o.a.j.s.SampleResult: sampleresult.nanoThreadSleep=5000
2026-04-28 20:10:58,126 INFO o.a.j.t.JMeterThread: Thread started: Thread Group 1-2
2026-04-28 20:10:58,224 INFO o.a.j.t.JMeterThread: Thread started: Thread Group 1-3
2026-04-28 20:10:58,247 INFO o.a.j.t.JMeterThread: Thread is done: Thread Group 1-2
2026-04-28 20:10:58,247 INFO o.a.j.t.JMeterThread: Thread is done: Thread Group 1-1
2026-04-28 20:10:58,247 INFO o.a.j.t.JMeterThread: Thread is done: Thread Group 1-3
2026-04-28 20:10:58,247 INFO o.a.j.t.JMeterThread: Thread finished: Thread Group 1-1
2026-04-28 20:10:58,247 INFO o.a.j.t.JMeterThread: Thread finished: Thread Group 1-2
2026-04-28 20:10:58,247 INFO o.a.j.t.JMeterThread: Thread finished: Thread Group 1-3
2026-04-28 20:10:58,327 INFO o.a.j.t.JMeterThread: Thread started: Thread Group 1-4
2026-04-28 20:10:58,340 INFO o.a.j.t.JMeterThread: Thread is done: Thread Group 1-4
2026-04-28 20:10:58,340 INFO o.a.j.t.JMeterThread: Thread finished: Thread Group 1-4
2026-04-28 20:10:58,425 INFO o.a.j.t.JMeterThread: Thread started: Thread Group 1-5
2026-04-28 20:10:58,438 INFO o.a.j.t.JMeterThread: Thread is done: Thread Group 1-5
2026-04-28 20:10:58,438 INFO o.a.j.t.JMeterThread: Thread finished: Thread Group 1-5
2026-04-28 20:10:58,525 INFO o.a.j.t.JMeterThread: Thread started: Thread Group 1-6
2026-04-28 20:10:58,537 INFO o.a.j.t.JMeterThread: Thread is done: Thread Group 1-6
2026-04-28 20:10:58,537 INFO o.a.j.t.JMeterThread: Thread finished: Thread Group 1-6
2026-04-28 20:10:58,627 INFO o.a.j.t.JMeterThread: Thread started: Thread Group 1-7
2026-04-28 20:10:58,636 INFO o.a.j.t.JMeterThread: Thread is done: Thread Group 1-7
2026-04-28 20:10:58,636 INFO o.a.j.t.JMeterThread: Thread finished: Thread Group 1-7
2026-04-28 20:10:58,726 INFO o.a.j.t.JMeterThread: Thread started: Thread Group 1-8
2026-04-28 20:10:58,745 INFO o.a.j.t.JMeterThread: Thread is done: Thread Group 1-8
2026-04-28 20:10:58,746 INFO o.a.j.t.JMeterThread: Thread finished: Thread Group 1-8
2026-04-28 20:10:58,824 INFO o.a.j.t.JMeterThread: Thread started: Thread Group 1-9
2026-04-28 20:10:58,841 INFO o.a.j.t.JMeterThread: Thread is done: Thread Group 1-9
2026-04-28 20:10:58,841 INFO o.a.j.t.JMeterThread: Thread finished: Thread Group 1-9
2026-04-28 20:10:58,927 INFO o.a.j.t.JMeterThread: Thread started: Thread Group 1-10
2026-04-28 20:10:58,936 INFO o.a.j.t.JMeterThread: Thread is done: Thread Group 1-10
2026-04-28 20:10:58,936 INFO o.a.j.t.JMeterThread: Thread finished: Thread Group 1-10
2026-04-28 20:10:58,936 INFO o.a.j.e.StandardJMeterEngine: Notifying test listeners of end of test
2026-04-28 20:10:58,938 INFO o.a.j.r.Summariser: summary =     10 in 00:00:01 =   10.8/s Avg:    40 Min:     7 Max:   177 Err:     0 (0.00%)
